

Processing ApplicationController#index (for 127.0.0.1 at 2009-09-22 18:54:04) [GET]

ActionController::RoutingError (No route matches "/home/index.html" with {:method=>:get}):
  C:/Ruby/lib/ruby/1.8/webrick/httpserver.rb:104:in `service'
  C:/Ruby/lib/ruby/1.8/webrick/httpserver.rb:65:in `run'
  C:/Ruby/lib/ruby/1.8/webrick/server.rb:173:in `start_thread'
  C:/Ruby/lib/ruby/1.8/webrick/server.rb:162:in `start'
  C:/Ruby/lib/ruby/1.8/webrick/server.rb:162:in `start_thread'
  C:/Ruby/lib/ruby/1.8/webrick/server.rb:95:in `start'
  C:/Ruby/lib/ruby/1.8/webrick/server.rb:92:in `each'
  C:/Ruby/lib/ruby/1.8/webrick/server.rb:92:in `start'
  C:/Ruby/lib/ruby/1.8/webrick/server.rb:23:in `start'
  C:/Ruby/lib/ruby/1.8/webrick/server.rb:82:in `start'

Rendering rescues/layout (not_found)


Processing HomeController#index (for 127.0.0.1 at 2009-09-22 18:55:25) [GET]
Rendering home/index
Completed in 62ms (View: 62, DB: 0) | 200 OK [http://localhost/home/index]


Processing ApplicationController#index (for 127.0.0.1 at 2009-09-22 18:57:52) [GET]

ActionController::RoutingError (No route matches "/blog/index" with {:method=>:get}):
  C:/Ruby/lib/ruby/1.8/webrick/httpserver.rb:104:in `service'
  C:/Ruby/lib/ruby/1.8/webrick/httpserver.rb:65:in `run'
  C:/Ruby/lib/ruby/1.8/webrick/server.rb:173:in `start_thread'
  C:/Ruby/lib/ruby/1.8/webrick/server.rb:162:in `start'
  C:/Ruby/lib/ruby/1.8/webrick/server.rb:162:in `start_thread'
  C:/Ruby/lib/ruby/1.8/webrick/server.rb:95:in `start'
  C:/Ruby/lib/ruby/1.8/webrick/server.rb:92:in `each'
  C:/Ruby/lib/ruby/1.8/webrick/server.rb:92:in `start'
  C:/Ruby/lib/ruby/1.8/webrick/server.rb:23:in `start'
  C:/Ruby/lib/ruby/1.8/webrick/server.rb:82:in `start'

Rendering rescues/layout (not_found)


Processing HomeController#index (for 127.0.0.1 at 2009-09-22 18:58:09) [GET]
Rendering home/index
Completed in 16ms (View: 16, DB: 0) | 200 OK [http://localhost/home/index]


Processing ApplicationController#index (for 127.0.0.1 at 2009-09-22 18:58:22) [GET]

ActionController::RoutingError (No route matches "/links" with {:method=>:get}):
  C:/Ruby/lib/ruby/1.8/webrick/httpserver.rb:104:in `service'
  C:/Ruby/lib/ruby/1.8/webrick/httpserver.rb:65:in `run'
  C:/Ruby/lib/ruby/1.8/webrick/server.rb:173:in `start_thread'
  C:/Ruby/lib/ruby/1.8/webrick/server.rb:162:in `start'
  C:/Ruby/lib/ruby/1.8/webrick/server.rb:162:in `start_thread'
  C:/Ruby/lib/ruby/1.8/webrick/server.rb:95:in `start'
  C:/Ruby/lib/ruby/1.8/webrick/server.rb:92:in `each'
  C:/Ruby/lib/ruby/1.8/webrick/server.rb:92:in `start'
  C:/Ruby/lib/ruby/1.8/webrick/server.rb:23:in `start'
  C:/Ruby/lib/ruby/1.8/webrick/server.rb:82:in `start'

Rendering rescues/layout (not_found)


Processing ApplicationController#index (for 127.0.0.1 at 2009-09-22 18:58:29) [GET]

ActionController::RoutingError (No route matches "/link" with {:method=>:get}):
  C:/Ruby/lib/ruby/1.8/webrick/httpserver.rb:104:in `service'
  C:/Ruby/lib/ruby/1.8/webrick/httpserver.rb:65:in `run'
  C:/Ruby/lib/ruby/1.8/webrick/server.rb:173:in `start_thread'
  C:/Ruby/lib/ruby/1.8/webrick/server.rb:162:in `start'
  C:/Ruby/lib/ruby/1.8/webrick/server.rb:162:in `start_thread'
  C:/Ruby/lib/ruby/1.8/webrick/server.rb:95:in `start'
  C:/Ruby/lib/ruby/1.8/webrick/server.rb:92:in `each'
  C:/Ruby/lib/ruby/1.8/webrick/server.rb:92:in `start'
  C:/Ruby/lib/ruby/1.8/webrick/server.rb:23:in `start'
  C:/Ruby/lib/ruby/1.8/webrick/server.rb:82:in `start'

Rendering rescues/layout (not_found)


Processing ApplicationController#index (for 127.0.0.1 at 2009-09-22 18:58:50) [GET]

ActionController::RoutingError (No route matches "/links/slickdeals" with {:method=>:get}):
  C:/Ruby/lib/ruby/1.8/webrick/httpserver.rb:104:in `service'
  C:/Ruby/lib/ruby/1.8/webrick/httpserver.rb:65:in `run'
  C:/Ruby/lib/ruby/1.8/webrick/server.rb:173:in `start_thread'
  C:/Ruby/lib/ruby/1.8/webrick/server.rb:162:in `start'
  C:/Ruby/lib/ruby/1.8/webrick/server.rb:162:in `start_thread'
  C:/Ruby/lib/ruby/1.8/webrick/server.rb:95:in `start'
  C:/Ruby/lib/ruby/1.8/webrick/server.rb:92:in `each'
  C:/Ruby/lib/ruby/1.8/webrick/server.rb:92:in `start'
  C:/Ruby/lib/ruby/1.8/webrick/server.rb:23:in `start'
  C:/Ruby/lib/ruby/1.8/webrick/server.rb:82:in `start'

Rendering rescues/layout (not_found)


Processing ApplicationController#index (for 127.0.0.1 at 2009-09-22 19:24:52) [GET]

ActionController::RoutingError (No route matches "/" with {:method=>:get}):
  C:/Ruby/lib/ruby/1.8/webrick/httpserver.rb:104:in `service'
  C:/Ruby/lib/ruby/1.8/webrick/httpserver.rb:65:in `run'
  C:/Ruby/lib/ruby/1.8/webrick/server.rb:173:in `start_thread'
  C:/Ruby/lib/ruby/1.8/webrick/server.rb:162:in `start'
  C:/Ruby/lib/ruby/1.8/webrick/server.rb:162:in `start_thread'
  C:/Ruby/lib/ruby/1.8/webrick/server.rb:95:in `start'
  C:/Ruby/lib/ruby/1.8/webrick/server.rb:92:in `each'
  C:/Ruby/lib/ruby/1.8/webrick/server.rb:92:in `start'
  C:/Ruby/lib/ruby/1.8/webrick/server.rb:23:in `start'
  C:/Ruby/lib/ruby/1.8/webrick/server.rb:82:in `start'

Rendering rescues/layout (not_found)


Processing ApplicationController#index (for 127.0.0.1 at 2009-09-22 19:24:55) [GET]

ActionController::RoutingError (No route matches "/" with {:method=>:get}):
  C:/Ruby/lib/ruby/1.8/webrick/httpserver.rb:104:in `service'
  C:/Ruby/lib/ruby/1.8/webrick/httpserver.rb:65:in `run'
  C:/Ruby/lib/ruby/1.8/webrick/server.rb:173:in `start_thread'
  C:/Ruby/lib/ruby/1.8/webrick/server.rb:162:in `start'
  C:/Ruby/lib/ruby/1.8/webrick/server.rb:162:in `start_thread'
  C:/Ruby/lib/ruby/1.8/webrick/server.rb:95:in `start'
  C:/Ruby/lib/ruby/1.8/webrick/server.rb:92:in `each'
  C:/Ruby/lib/ruby/1.8/webrick/server.rb:92:in `start'
  C:/Ruby/lib/ruby/1.8/webrick/server.rb:23:in `start'
  C:/Ruby/lib/ruby/1.8/webrick/server.rb:82:in `start'

Rendering rescues/layout (not_found)


Processing HomeController#index (for 127.0.0.1 at 2009-09-22 19:25:52) [GET]
Rendering home/index
Completed in 16ms (View: 16, DB: 0) | 200 OK [http://localhost/]
  [4;36;1mSQL (16.0ms)[0m   [0;1m SELECT name
 FROM sqlite_master
 WHERE type = 'table' AND NOT name = 'sqlite_sequence'
[0m
  [4;35;1mSQL (0.0ms)[0m   [0mselect sqlite_version(*)[0m
  [4;36;1mSQL (78.0ms)[0m   [0;1mCREATE TABLE "schema_migrations" ("version" varchar(255) NOT NULL) [0m
  [4;35;1mSQL (156.0ms)[0m   [0mCREATE UNIQUE INDEX "unique_schema_migrations" ON "schema_migrations" ("version")[0m
  [4;36;1mSQL (0.0ms)[0m   [0;1m SELECT name
 FROM sqlite_master
 WHERE type = 'table' AND NOT name = 'sqlite_sequence'
[0m
  [4;35;1mSQL (0.0ms)[0m   [0mSELECT version FROM schema_migrations[0m
Migrating to CreatePosts (20090922233125)
  [4;36;1mSQL (16.0ms)[0m   [0;1mCREATE TABLE "posts" ("id" INTEGER PRIMARY KEY AUTOINCREMENT NOT NULL, "name" varchar(255), "title" varchar(255), "content" text, "created_at" datetime, "updated_at" datetime) [0m
  [4;35;1mSQL (0.0ms)[0m   [0mINSERT INTO schema_migrations (version) VALUES ('20090922233125')[0m
  [4;36;1mSQL (0.0ms)[0m   [0;1m SELECT name
 FROM sqlite_master
 WHERE type = 'table' AND NOT name = 'sqlite_sequence'
[0m
  [4;35;1mSQL (0.0ms)[0m   [0mSELECT version FROM schema_migrations[0m
  [4;36;1mSQL (0.0ms)[0m   [0;1m SELECT name
 FROM sqlite_master
 WHERE type = 'table' AND NOT name = 'sqlite_sequence'
[0m
  [4;35;1mSQL (0.0ms)[0m   [0mPRAGMA index_list("posts")[0m


Processing HomeController#index (for 127.0.0.1 at 2009-09-22 19:41:56) [GET]
Rendering home/index
Completed in 2125ms (View: 2094, DB: 0) | 200 OK [http://localhost/]


Processing PostsController#index (for 127.0.0.1 at 2009-09-22 19:42:01) [GET]
  [4;36;1mPost Load (31.0ms)[0m   [0;1mSELECT * FROM "posts" [0m
Rendering template within layouts/posts
Rendering posts/index
Completed in 1672ms (View: 1625, DB: 31) | 200 OK [http://localhost/posts]


Processing PostsController#new (for 127.0.0.1 at 2009-09-22 19:42:05) [GET]
Rendering template within layouts/posts
Rendering posts/new
Completed in 109ms (View: 78, DB: 0) | 200 OK [http://localhost/posts/new]


Processing PostsController#create (for 127.0.0.1 at 2009-09-22 19:42:29) [POST]
  Parameters: {"commit"=>"Create", "authenticity_token"=>"QXxmmrNxBV7mCmlACALaVHt/slGjjqkLljFYb62XBVQ=", "post"=>{"name"=>"Anil ", "title"=>"My first blog", "content"=>"Nothing is going to be there\r\n"}}
  [4;35;1mPost Create (0.0ms)[0m   [0mINSERT INTO "posts" ("name", "updated_at", "title", "content", "created_at") VALUES('Anil ', '2009-09-22 23:42:29', 'My first blog', 'Nothing is going to be there
', '2009-09-22 23:42:29')[0m
Redirected to http://localhost:3000/posts/1
Completed in 250ms (DB: 0) | 302 Found [http://localhost/posts]


Processing PostsController#show (for 127.0.0.1 at 2009-09-22 19:42:29) [GET]
  Parameters: {"id"=>"1"}
  [4;36;1mPost Load (0.0ms)[0m   [0;1mSELECT * FROM "posts" WHERE ("posts"."id" = 1) [0m
Rendering template within layouts/posts
Rendering posts/show
Completed in 47ms (View: 16, DB: 0) | 200 OK [http://localhost/posts/1]


Processing PostsController#index (for 127.0.0.1 at 2009-09-22 19:42:36) [GET]
  [4;35;1mPost Load (0.0ms)[0m   [0mSELECT * FROM "posts" [0m
Rendering template within layouts/posts
Rendering posts/index
Completed in 109ms (View: 47, DB: 0) | 200 OK [http://localhost/posts]


Processing PostsController#new (for 127.0.0.1 at 2009-09-22 19:42:38) [GET]
Rendering template within layouts/posts
Rendering posts/new
Completed in 47ms (View: 16, DB: 0) | 200 OK [http://localhost/posts/new]


Processing HomeController#index (for 127.0.0.1 at 2009-09-22 19:42:53) [GET]
Rendering home/index
Completed in 16ms (View: 16, DB: 0) | 200 OK [http://localhost/]


Processing PostsController#index (for 127.0.0.1 at 2009-09-22 19:42:54) [GET]
  [4;36;1mPost Load (15.0ms)[0m   [0;1mSELECT * FROM "posts" [0m
Rendering template within layouts/posts
Rendering posts/index
Completed in 62ms (View: 31, DB: 15) | 200 OK [http://localhost/posts]
  [4;36;1mPost Load (0.0ms)[0m   [0;1mSELECT * FROM "posts" [0m


Processing PostsController#index to xml (for 127.0.0.1 at 2009-09-22 21:20:13) [GET]
  [4;35;1mPost Load (63.0ms)[0m   [0mSELECT * FROM "posts" [0m
Completed in 2500ms (View: 1875, DB: 63) | 200 OK [http://localhost/posts.xml]


Processing HomeController#index (for 127.0.0.1 at 2009-09-22 21:30:14) [GET]
Rendering home/index
Completed in 0ms (View: 0, DB: 0) | 200 OK [http://localhost/]


Processing PostsController#index (for 127.0.0.1 at 2009-09-22 21:30:16) [GET]
  [4;36;1mPost Load (0.0ms)[0m   [0;1mSELECT * FROM "posts" [0m
Rendering template within layouts/posts
Rendering posts/index
Completed in 109ms (View: 78, DB: 0) | 200 OK [http://localhost/posts]


Processing PostsController#new (for 127.0.0.1 at 2009-09-22 21:30:18) [GET]
Rendering template within layouts/posts
Rendering posts/new
Completed in 47ms (View: 15, DB: 0) | 200 OK [http://localhost/posts/new]


Processing PostsController#index (for 127.0.0.1 at 2009-09-22 21:30:24) [GET]
  [4;35;1mPost Load (16.0ms)[0m   [0mSELECT * FROM "posts" [0m
Rendering template within layouts/posts
Rendering posts/index
Completed in 47ms (View: 16, DB: 16) | 200 OK [http://localhost/posts]


Processing HomeController#index (for 127.0.0.1 at 2009-09-22 21:32:24) [GET]
Rendering home/index
Completed in 0ms (View: 0, DB: 0) | 200 OK [http://localhost/]


Processing PostsController#index (for 127.0.0.1 at 2009-09-22 21:32:32) [GET]
  [4;36;1mPost Load (0.0ms)[0m   [0;1mSELECT * FROM "posts" [0m
Rendering template within layouts/posts
Rendering posts/index
Completed in 32ms (View: 16, DB: 0) | 200 OK [http://localhost/posts]


Processing PostsController#show (for 127.0.0.1 at 2009-09-22 21:32:49) [GET]
  Parameters: {"id"=>"1"}
  [4;35;1mPost Load (0.0ms)[0m   [0mSELECT * FROM "posts" WHERE ("posts"."id" = 1) [0m
Rendering template within layouts/posts
Rendering posts/show
Completed in 47ms (View: 16, DB: 0) | 200 OK [http://localhost/posts/1]


Processing PostsController#edit (for 127.0.0.1 at 2009-09-22 21:32:52) [GET]
  Parameters: {"id"=>"1"}
  [4;36;1mPost Load (0.0ms)[0m   [0;1mSELECT * FROM "posts" WHERE ("posts"."id" = 1) [0m
Rendering template within layouts/posts
Rendering posts/edit
Completed in 94ms (View: 63, DB: 0) | 200 OK [http://localhost/posts/1/edit]


Processing HomeController#index (for 127.0.0.1 at 2009-09-22 21:33:09) [GET]
Rendering home/index
Completed in 15ms (View: 0, DB: 0) | 200 OK [http://localhost/]


Processing PostsController#index (for 127.0.0.1 at 2009-09-22 21:53:32) [GET]
  [4;35;1mPost Load (0.0ms)[0m   [0mSELECT * FROM "posts" [0m
Rendering template within layouts/posts
Rendering posts/index
Completed in 31ms (View: 15, DB: 0) | 200 OK [http://localhost/posts]


Processing PostsController#new (for 127.0.0.1 at 2009-09-22 21:53:36) [GET]
Rendering template within layouts/posts
Rendering posts/new
Completed in 78ms (View: 47, DB: 0) | 200 OK [http://localhost/posts/new]


Processing PostsController#index (for 127.0.0.1 at 2009-09-22 21:53:40) [GET]
  [4;36;1mPost Load (31.0ms)[0m   [0;1mSELECT * FROM "posts" [0m
Rendering template within layouts/posts
Rendering posts/index
Completed in 94ms (View: 16, DB: 31) | 200 OK [http://localhost/posts/]


Processing PostsController#show (for 127.0.0.1 at 2009-09-22 21:53:42) [GET]
  Parameters: {"id"=>"1"}
  [4;35;1mPost Load (0.0ms)[0m   [0mSELECT * FROM "posts" WHERE ("posts"."id" = 1) [0m
Rendering template within layouts/posts
Rendering posts/show
Completed in 218ms (View: 0, DB: 0) | 200 OK [http://localhost/posts/1]


Processing PostsController#edit (for 127.0.0.1 at 2009-09-22 21:53:50) [GET]
  Parameters: {"id"=>"1"}
  [4;36;1mPost Load (0.0ms)[0m   [0;1mSELECT * FROM "posts" WHERE ("posts"."id" = 1) [0m
Rendering template within layouts/posts
Rendering posts/edit
Completed in 78ms (View: 32, DB: 0) | 200 OK [http://localhost/posts/1/edit]


Processing ApplicationController#index (for 127.0.0.1 at 2009-09-22 22:00:23) [GET]

ActionController::RoutingError (No route matches "/links" with {:method=>:get}):
  C:/Ruby/lib/ruby/1.8/webrick/httpserver.rb:104:in `service'
  C:/Ruby/lib/ruby/1.8/webrick/httpserver.rb:65:in `run'
  C:/Ruby/lib/ruby/1.8/webrick/server.rb:173:in `start_thread'
  C:/Ruby/lib/ruby/1.8/webrick/server.rb:162:in `start'
  C:/Ruby/lib/ruby/1.8/webrick/server.rb:162:in `start_thread'
  C:/Ruby/lib/ruby/1.8/webrick/server.rb:95:in `start'
  C:/Ruby/lib/ruby/1.8/webrick/server.rb:92:in `each'
  C:/Ruby/lib/ruby/1.8/webrick/server.rb:92:in `start'
  C:/Ruby/lib/ruby/1.8/webrick/server.rb:23:in `start'
  C:/Ruby/lib/ruby/1.8/webrick/server.rb:82:in `start'

Rendering rescues/layout (not_found)


Processing PostsController#index (for 127.0.0.1 at 2009-09-22 22:00:28) [GET]
  [4;35;1mPost Load (0.0ms)[0m   [0mSELECT * FROM "posts" [0m
Rendering template within layouts/posts
Rendering posts/index
Completed in 31ms (View: 16, DB: 0) | 200 OK [http://localhost/posts/]


Processing PostsController#show (for 127.0.0.1 at 2009-09-22 22:01:15) [GET]
  Parameters: {"id"=>"1"}
  [4;36;1mPost Load (0.0ms)[0m   [0;1mSELECT * FROM "posts" WHERE ("posts"."id" = 1) [0m
Rendering template within layouts/posts
Rendering posts/show
Completed in 47ms (View: 16, DB: 0) | 200 OK [http://localhost/posts/1]


Processing PostsController#edit (for 127.0.0.1 at 2009-09-22 22:01:18) [GET]
  Parameters: {"id"=>"1"}
  [4;35;1mPost Load (0.0ms)[0m   [0mSELECT * FROM "posts" WHERE ("posts"."id" = 1) [0m
Rendering template within layouts/posts
Rendering posts/edit
Completed in 78ms (View: 32, DB: 0) | 200 OK [http://localhost/posts/1/edit]


Processing PostsController#update (for 127.0.0.1 at 2009-09-22 22:01:22) [PUT]
  Parameters: {"commit"=>"Update", "authenticity_token"=>"UuH2vkLLybixg5nWuuhJsnLaH0baKvtl4ZCbM6YVuOg=", "post"=>{"name"=>"Anil ", "title"=>"My first blog", "content"=>"Nothing is going to be there\r\n"}, "id"=>"1"}
  [4;36;1mPost Load (0.0ms)[0m   [0;1mSELECT * FROM "posts" WHERE ("posts"."id" = 1) [0m
Redirected to http://localhost:3000/posts/1
Completed in 47ms (DB: 0) | 302 Found [http://localhost/posts/1]


Processing PostsController#show (for 127.0.0.1 at 2009-09-22 22:01:23) [GET]
  Parameters: {"id"=>"1"}
  [4;35;1mPost Load (0.0ms)[0m   [0mSELECT * FROM "posts" WHERE ("posts"."id" = 1) [0m
Rendering template within layouts/posts
Rendering posts/show
Completed in 16ms (View: 0, DB: 0) | 200 OK [http://localhost/posts/1]


Processing PostsController#index (for 127.0.0.1 at 2009-09-22 22:02:26) [GET]
  [4;36;1mPost Load (0.0ms)[0m   [0;1mSELECT * FROM "posts" [0m
Rendering template within layouts/posts
Rendering posts/index
Completed in 78ms (View: 62, DB: 0) | 200 OK [http://localhost/posts]


Processing HomeController#index (for 127.0.0.1 at 2009-09-22 22:32:09) [GET]
Rendering home/index
Completed in 157ms (View: 157, DB: 0) | 200 OK [http://localhost/]


Processing PostsController#index (for 127.0.0.1 at 2009-09-22 22:32:12) [GET]
  [4;36;1mPost Load (0.0ms)[0m   [0;1mSELECT * FROM "posts" [0m
Rendering template within layouts/posts
Rendering posts/index
Completed in 172ms (View: 140, DB: 0) | 200 OK [http://localhost/posts]


Processing PostsController#new (for 127.0.0.1 at 2009-09-22 22:32:16) [GET]
Rendering template within layouts/posts
Rendering posts/new
Completed in 94ms (View: 63, DB: 0) | 200 OK [http://localhost/posts/new]


Processing PostsController#create (for 127.0.0.1 at 2009-09-22 22:32:32) [POST]
  Parameters: {"commit"=>"Create", "authenticity_token"=>"UuH2vkLLybixg5nWuuhJsnLaH0baKvtl4ZCbM6YVuOg=", "post"=>{"name"=>"Kumar", "title"=>"Peechara", "content"=>"Second post"}}
  [4;35;1mPost Create (16.0ms)[0m   [0mINSERT INTO "posts" ("name", "updated_at", "title", "content", "created_at") VALUES('Kumar', '2009-09-23 02:32:32', 'Peechara', 'Second post', '2009-09-23 02:32:32')[0m
Redirected to http://localhost:3000/posts/2
Completed in 219ms (DB: 16) | 302 Found [http://localhost/posts]


Processing PostsController#show (for 127.0.0.1 at 2009-09-22 22:32:33) [GET]
  Parameters: {"id"=>"2"}
  [4;36;1mPost Load (0.0ms)[0m   [0;1mSELECT * FROM "posts" WHERE ("posts"."id" = 2) [0m
Rendering template within layouts/posts
Rendering posts/show
Completed in 31ms (View: 15, DB: 0) | 200 OK [http://localhost/posts/2]


Processing HomeController#index (for 127.0.0.1 at 2009-09-22 22:35:08) [GET]
Rendering home/index
Completed in 390ms (View: 359, DB: 0) | 200 OK [http://localhost/]


Processing PostsController#index (for 127.0.0.1 at 2009-09-22 22:35:12) [GET]
  [4;36;1mPost Load (0.0ms)[0m   [0;1mSELECT * FROM "posts" [0m
Rendering template within layouts/posts
Rendering posts/index
Completed in 750ms (View: 281, DB: 0) | 200 OK [http://localhost/posts]


Processing PostsController#new (for 127.0.0.1 at 2009-09-22 22:35:16) [GET]
Rendering template within layouts/posts
Rendering posts/new
Completed in 172ms (View: 110, DB: 0) | 200 OK [http://localhost/posts/new]


Processing PostsController#create (for 127.0.0.1 at 2009-09-22 22:36:14) [POST]
  Parameters: {"commit"=>"Create", "authenticity_token"=>"UuH2vkLLybixg5nWuuhJsnLaH0baKvtl4ZCbM6YVuOg=", "post"=>{"name"=>"Kishan", "title"=>"Jr.", "content"=>"Staying with his elder son in Irving, Texas"}}


Processing HomeController#index (for 127.0.0.1 at 2009-09-22 22:51:57) [GET]
Rendering home/index
Completed in 234ms (View: 234, DB: 0) | 200 OK [http://localhost/]


Processing PostsController#index (for 127.0.0.1 at 2009-09-22 22:52:05) [GET]
  [4;36;1mPost Load (31.0ms)[0m   [0;1mSELECT * FROM "posts" [0m
Rendering template within layouts/posts
Rendering posts/index
Completed in 610ms (View: 454, DB: 31) | 200 OK [http://localhost/posts]


Processing PostsController#new (for 127.0.0.1 at 2009-09-22 22:52:28) [GET]
Rendering template within layouts/posts
Rendering posts/new
Completed in 63ms (View: 47, DB: 0) | 200 OK [http://localhost/posts/new]


Processing PostsController#create (for 127.0.0.1 at 2009-09-22 22:53:16) [POST]
  Parameters: {"commit"=>"Create", "authenticity_token"=>"5K8JDXWxEmuYtikXAdRPcODf/nSM5yKtGRqnrjCCjXk=", "post"=>{"name"=>"Kishan", "title"=>"Peechara", "content"=>"Staying with his elder son"}}
Redirected to http://localhost:3000/posts
  [4;35;1mPost Create (0.0ms)[0m   [0mINSERT INTO "posts" ("name", "updated_at", "title", "content", "created_at") VALUES('Kishan', '2009-09-23 02:55:42', 'Peechara', 'Staying with his elder son', '2009-09-23 02:55:42')[0m

ActionController::DoubleRenderError (Render and/or redirect were called multiple times in this action. Please note that you may only call render OR redirect, and at most once per action. Also note that neither redirect nor render terminate execution of the action, so if you want to exit an action after redirecting, you need to do something like "redirect_to(...) and return".):
  app/controllers/posts_controller.rb:47:in `create'
  app/controllers/posts_controller.rb:45:in `create'
  C:/Ruby/lib/ruby/1.8/webrick/httpserver.rb:104:in `service'
  C:/Ruby/lib/ruby/1.8/webrick/httpserver.rb:65:in `run'
  C:/Ruby/lib/ruby/1.8/webrick/server.rb:173:in `start_thread'
  C:/Ruby/lib/ruby/1.8/webrick/server.rb:162:in `start'
  C:/Ruby/lib/ruby/1.8/webrick/server.rb:162:in `start_thread'
  C:/Ruby/lib/ruby/1.8/webrick/server.rb:95:in `start'
  C:/Ruby/lib/ruby/1.8/webrick/server.rb:92:in `each'
  C:/Ruby/lib/ruby/1.8/webrick/server.rb:92:in `start'
  C:/Ruby/lib/ruby/1.8/webrick/server.rb:23:in `start'
  C:/Ruby/lib/ruby/1.8/webrick/server.rb:82:in `start'
  /script\server:3
  C:/Ruby/lib/ruby/gems/1.8/gems/ruby-debug-ide-0.3.1/lib/ruby-debug.rb:96:in `debug_load'
  C:/Ruby/lib/ruby/gems/1.8/gems/ruby-debug-ide-0.3.1/lib/ruby-debug.rb:96:in `main'
  C:/Ruby/lib/ruby/gems/1.8/gems/ruby-debug-ide-0.3.1/bin/rdebug-ide:76
  C:/Ruby/bin/rdebug-ide:19:in `load'
  C:/Ruby/bin/rdebug-ide:19

Rendered rescues/_trace (125.0ms)
Rendered rescues/_request_and_response (0.0ms)
Rendering rescues/layout (internal_server_error)


Processing PostsController#index (for 127.0.0.1 at 2009-09-22 22:57:55) [GET]
  [4;36;1mPost Load (0.0ms)[0m   [0;1mSELECT * FROM "posts" [0m
Rendering template within layouts/posts
Rendering posts/index
Completed in 203ms (View: 46, DB: 0) | 200 OK [http://localhost/posts]


Processing PostsController#edit (for 127.0.0.1 at 2009-09-22 22:58:13) [GET]
  Parameters: {"id"=>"1"}
  [4;35;1mPost Load (0.0ms)[0m   [0mSELECT * FROM "posts" WHERE ("posts"."id" = 1) [0m
Rendering template within layouts/posts
Rendering posts/edit
Completed in 94ms (View: 32, DB: 0) | 200 OK [http://localhost/posts/1/edit]


Processing PostsController#update (for 127.0.0.1 at 2009-09-22 22:58:24) [PUT]
  Parameters: {"commit"=>"Update", "authenticity_token"=>"5K8JDXWxEmuYtikXAdRPcODf/nSM5yKtGRqnrjCCjXk=", "post"=>{"name"=>"Anil ", "title"=>"My first blog", "content"=>"Nothing is going to be happen\r\n"}, "id"=>"1"}
  [4;36;1mPost Load (0.0ms)[0m   [0;1mSELECT * FROM "posts" WHERE ("posts"."id" = 1) [0m
  [4;35;1mPost Update (0.0ms)[0m   [0mUPDATE "posts" SET "content" = 'Nothing is going to be happen
', "updated_at" = '2009-09-23 02:58:24' WHERE "id" = 1[0m
Redirected to http://localhost:3000/posts/1
Completed in 203ms (DB: 0) | 302 Found [http://localhost/posts/1]


Processing PostsController#show (for 127.0.0.1 at 2009-09-22 22:58:24) [GET]
  Parameters: {"id"=>"1"}
  [4;36;1mPost Load (0.0ms)[0m   [0;1mSELECT * FROM "posts" WHERE ("posts"."id" = 1) [0m
Rendering template within layouts/posts
Rendering posts/show
Completed in 46ms (View: 31, DB: 0) | 200 OK [http://localhost/posts/1]


Processing HomeController#index (for 127.0.0.1 at 2009-09-22 23:28:15) [GET]
Rendering home/index
Completed in 0ms (View: 0, DB: 0) | 200 OK [http://localhost/]


Processing PostsController#index (for 127.0.0.1 at 2009-09-22 23:28:17) [GET]
  [4;35;1mPost Load (0.0ms)[0m   [0mSELECT * FROM "posts" [0m
Rendering template within layouts/posts
Rendering posts/index
Completed in 156ms (View: 125, DB: 0) | 200 OK [http://localhost/posts]


Processing PostsController#edit (for 127.0.0.1 at 2009-09-22 23:28:20) [GET]
  Parameters: {"id"=>"3"}
  [4;36;1mPost Load (0.0ms)[0m   [0;1mSELECT * FROM "posts" WHERE ("posts"."id" = 3) [0m
Rendering template within layouts/posts
Rendering posts/edit
Completed in 125ms (View: 47, DB: 0) | 200 OK [http://localhost/posts/3/edit]


Processing PostsController#update (for 127.0.0.1 at 2009-09-22 23:28:23) [PUT]
  Parameters: {"commit"=>"Update", "authenticity_token"=>"5K8JDXWxEmuYtikXAdRPcODf/nSM5yKtGRqnrjCCjXk=", "post"=>{"name"=>"Kishan", "title"=>"Peechara", "content"=>"Staying with his elder son"}, "id"=>"3"}
  [4;35;1mPost Load (0.0ms)[0m   [0mSELECT * FROM "posts" WHERE ("posts"."id" = 3) [0m
Redirected to http://localhost:3000/posts/3
Completed in 6829ms (DB: 0) | 302 Found [http://localhost/posts/3]


Processing PostsController#show (for 127.0.0.1 at 2009-09-22 23:28:30) [GET]
  Parameters: {"id"=>"3"}
  [4;36;1mPost Load (0.0ms)[0m   [0;1mSELECT * FROM "posts" WHERE ("posts"."id" = 3) [0m
Rendering template within layouts/posts
Rendering posts/show
Completed in 125ms (View: 47, DB: 0) | 200 OK [http://localhost/posts/3]


Processing PostsController#update (for 127.0.0.1 at 2009-09-22 23:28:47) [PUT]
  Parameters: {"commit"=>"Update", "authenticity_token"=>"5K8JDXWxEmuYtikXAdRPcODf/nSM5yKtGRqnrjCCjXk=", "post"=>{"name"=>"Kishan", "title"=>"Peechara", "content"=>"Staying with his elder son"}, "id"=>"3"}
  [4;35;1mPost Load (0.0ms)[0m   [0mSELECT * FROM "posts" WHERE ("posts"."id" = 3) [0m
Redirected to http://localhost:3000/posts/3
Completed in 11922ms (DB: 0) | 302 Found [http://localhost/posts/3]


Processing PostsController#show (for 127.0.0.1 at 2009-09-22 23:30:09) [GET]
  Parameters: {"id"=>"3"}
  [4;36;1mPost Load (0.0ms)[0m   [0;1mSELECT * FROM "posts" WHERE ("posts"."id" = 3) [0m
Rendering template within layouts/posts
Rendering posts/show
Completed in 63ms (View: 16, DB: 0) | 200 OK [http://localhost/posts/3]


Processing PostsController#edit (for 127.0.0.1 at 2009-09-22 23:30:15) [GET]
  Parameters: {"id"=>"3"}
  [4;35;1mPost Load (0.0ms)[0m   [0mSELECT * FROM "posts" WHERE ("posts"."id" = 3) [0m
Rendering template within layouts/posts
Rendering posts/edit
Completed in 63ms (View: 16, DB: 0) | 200 OK [http://localhost/posts/3/edit]


Processing PostsController#update (for 127.0.0.1 at 2009-09-22 23:30:18) [PUT]
  Parameters: {"commit"=>"Update", "authenticity_token"=>"5K8JDXWxEmuYtikXAdRPcODf/nSM5yKtGRqnrjCCjXk=", "post"=>{"name"=>"Kishan", "title"=>"Peechara", "content"=>"Staying with his elder son"}, "id"=>"3"}
  [4;36;1mPost Load (16.0ms)[0m   [0;1mSELECT * FROM "posts" WHERE ("posts"."id" = 3) [0m
Redirected to http://localhost:3000/posts/3
Completed in 363032ms (DB: 16) | 302 Found [http://localhost/posts/3]


Processing PostsController#show (for 127.0.0.1 at 2009-09-22 23:36:21) [GET]
  Parameters: {"id"=>"3"}
  [4;35;1mPost Load (0.0ms)[0m   [0mSELECT * FROM "posts" WHERE ("posts"."id" = 3) [0m
Rendering template within layouts/posts
Rendering posts/show
Completed in 16ms (View: 0, DB: 0) | 200 OK [http://localhost/posts/3]


Processing PostsController#edit (for 127.0.0.1 at 2009-09-22 23:36:26) [GET]
  Parameters: {"id"=>"3"}
  [4;36;1mPost Load (0.0ms)[0m   [0;1mSELECT * FROM "posts" WHERE ("posts"."id" = 3) [0m
Rendering template within layouts/posts
Rendering posts/edit
Completed in 110ms (View: 31, DB: 0) | 200 OK [http://localhost/posts/3/edit]


Processing PostsController#update (for 127.0.0.1 at 2009-09-22 23:36:29) [PUT]
  Parameters: {"commit"=>"Update", "authenticity_token"=>"5K8JDXWxEmuYtikXAdRPcODf/nSM5yKtGRqnrjCCjXk=", "post"=>{"name"=>"Kishan", "title"=>"Peechara", "content"=>"Staying with his elder son"}, "id"=>"3"}
  [4;35;1mPost Load (0.0ms)[0m   [0mSELECT * FROM "posts" WHERE ("posts"."id" = 3) [0m
Redirected to http://localhost:3000/posts/3
Completed in 18297ms (DB: 0) | 302 Found [http://localhost/posts/3]


Processing PostsController#show (for 127.0.0.1 at 2009-09-22 23:36:47) [GET]
  Parameters: {"id"=>"3"}
  [4;36;1mPost Load (0.0ms)[0m   [0;1mSELECT * FROM "posts" WHERE ("posts"."id" = 3) [0m
Rendering template within layouts/posts
Rendering posts/show
Completed in 31ms (View: 15, DB: 0) | 200 OK [http://localhost/posts/3]
  [4;36;1mPost Load (0.0ms)[0m   [0;1mSELECT * FROM "posts" [0m
  [4;35;1mComment Load (0.0ms)[0m   [0mSQLite3::SQLException: no such table: comments: SELECT * FROM "comments" [0m
  [4;36;1mSQL (0.0ms)[0m   [0;1m SELECT name
 FROM sqlite_master
 WHERE type = 'table' AND NOT name = 'sqlite_sequence'
[0m
  [4;35;1mSQL (0.0ms)[0m   [0mSELECT version FROM schema_migrations[0m
Migrating to CreatePosts (20090922233125)
Migrating to CreateComments (20090923034850)
  [4;36;1mSQL (16.0ms)[0m   [0;1mselect sqlite_version(*)[0m
  [4;35;1mSQL (0.0ms)[0m   [0mCREATE TABLE "comments" ("id" INTEGER PRIMARY KEY AUTOINCREMENT NOT NULL, "commenter" varchar(255), "body" text, "post_id" integer, "created_at" datetime, "updated_at" datetime) [0m
  [4;36;1mSQL (0.0ms)[0m   [0;1mINSERT INTO schema_migrations (version) VALUES ('20090923034850')[0m
  [4;35;1mSQL (0.0ms)[0m   [0m SELECT name
 FROM sqlite_master
 WHERE type = 'table' AND NOT name = 'sqlite_sequence'
[0m
  [4;36;1mSQL (0.0ms)[0m   [0;1mSELECT version FROM schema_migrations[0m
  [4;35;1mSQL (0.0ms)[0m   [0m SELECT name
 FROM sqlite_master
 WHERE type = 'table' AND NOT name = 'sqlite_sequence'
[0m
  [4;36;1mSQL (0.0ms)[0m   [0;1mPRAGMA index_list("comments")[0m
  [4;35;1mSQL (0.0ms)[0m   [0mPRAGMA index_list("posts")[0m
  [4;36;1mComment Load (0.0ms)[0m   [0;1mSELECT * FROM "comments" [0m


Processing HomeController#index (for 127.0.0.1 at 2009-09-23 00:22:02) [GET]
Rendering home/index
Completed in 0ms (View: 0, DB: 0) | 200 OK [http://localhost/]


Processing PostsController#index (for 127.0.0.1 at 2009-09-23 00:22:04) [GET]
  [4;35;1mPost Load (0.0ms)[0m   [0mSELECT * FROM "posts" [0m
Rendering template within layouts/posts
Rendering posts/index
Completed in 250ms (View: 47, DB: 0) | 200 OK [http://localhost/posts]


Processing PostsController#edit (for 127.0.0.1 at 2009-09-23 00:22:09) [GET]
  Parameters: {"id"=>"2"}
  [4;36;1mPost Load (0.0ms)[0m   [0;1mSELECT * FROM "posts" WHERE ("posts"."id" = 2) [0m
Rendering template within layouts/posts
Rendering posts/edit
Completed in 62ms (View: 31, DB: 0) | 200 OK [http://localhost/posts/2/edit]


Processing PostsController#update (for 127.0.0.1 at 2009-09-23 00:22:21) [PUT]
  Parameters: {"commit"=>"Update", "authenticity_token"=>"5K8JDXWxEmuYtikXAdRPcODf/nSM5yKtGRqnrjCCjXk=", "post"=>{"name"=>"Kumar", "title"=>"Peechara", "content"=>"Second post of first day"}, "id"=>"2"}
  [4;35;1mPost Load (0.0ms)[0m   [0mSELECT * FROM "posts" WHERE ("posts"."id" = 2) [0m
  [4;36;1mPost Update (0.0ms)[0m   [0;1mUPDATE "posts" SET "content" = 'Second post of first day', "updated_at" = '2009-09-23 04:22:57' WHERE "id" = 2[0m
Redirected to http://localhost:3000/posts/2
Completed in 36000ms (DB: 0) | 302 Found [http://localhost/posts/2]


Processing PostsController#show (for 127.0.0.1 at 2009-09-23 00:22:57) [GET]
  Parameters: {"id"=>"2"}
  [4;35;1mPost Load (0.0ms)[0m   [0mSELECT * FROM "posts" WHERE ("posts"."id" = 2) [0m
Rendering template within layouts/posts
Rendering posts/show
Completed in 31ms (View: 15, DB: 0) | 200 OK [http://localhost/posts/2]


Processing PostsController#index (for 127.0.0.1 at 2009-09-23 00:23:02) [GET]
  [4;36;1mPost Load (0.0ms)[0m   [0;1mSELECT * FROM "posts" [0m
Rendering template within layouts/posts
Rendering posts/index
Completed in 94ms (View: 47, DB: 0) | 200 OK [http://localhost/posts]


Processing PostsController#new (for 127.0.0.1 at 2009-09-23 00:23:05) [GET]
Rendering template within layouts/posts
Rendering posts/new
Completed in 110ms (View: 32, DB: 0) | 200 OK [http://localhost/posts/new]


Processing PostsController#create (for 127.0.0.1 at 2009-09-23 00:23:51) [POST]
  Parameters: {"commit"=>"Create", "authenticity_token"=>"5K8JDXWxEmuYtikXAdRPcODf/nSM5yKtGRqnrjCCjXk=", "post"=>{"name"=>"Anil", "title"=>"Kumar", "content"=>"Testing how many comments can be created for one post"}}
  [4;35;1mPost Create (32.0ms)[0m   [0mINSERT INTO "posts" ("name", "updated_at", "title", "content", "created_at") VALUES('Anil', '2009-09-23 04:25:14', 'Kumar', 'Testing how many comments can be created for one post', '2009-09-23 04:25:14')[0m
Redirected to http://localhost:3000/posts/4
Completed in 82875ms (DB: 32) | 302 Found [http://localhost/posts]


Processing HomeController#index (for 127.0.0.1 at 2009-09-23 00:25:14) [GET]
Rendering home/index
Completed in 0ms (View: 0, DB: 0) | 200 OK [http://localhost/]


Processing PostsController#show (for 127.0.0.1 at 2009-09-23 00:25:14) [GET]
  Parameters: {"id"=>"4"}
  [4;36;1mPost Load (0.0ms)[0m   [0;1mSELECT * FROM "posts" WHERE ("posts"."id" = 4) [0m
Rendering template within layouts/posts
Rendering posts/show
Completed in 16ms (View: 0, DB: 0) | 200 OK [http://localhost/posts/4]
  [4;35;1mPost Load (0.0ms)[0m   [0mSELECT * FROM "posts" [0m
  [4;36;1mComment Load (0.0ms)[0m   [0;1mSELECT * FROM "comments" [0m


Processing HomeController#index (for 127.0.0.1 at 2009-09-23 01:02:04) [GET]
Rendering home/index
Completed in 15ms (View: 0, DB: 0) | 200 OK [http://localhost/]


Processing PostsController#index (for 127.0.0.1 at 2009-09-23 01:02:08) [GET]
  [4;35;1mPost Load (0.0ms)[0m   [0mSELECT * FROM "posts" [0m
Rendering template within layouts/posts
Rendering posts/index
Completed in 78ms (View: 63, DB: 0) | 200 OK [http://localhost/posts]


Processing PostsController#new (for 127.0.0.1 at 2009-09-23 01:03:12) [GET]
Rendering template within layouts/posts
Rendering posts/new
Completed in 78ms (View: 31, DB: 0) | 200 OK [http://localhost/posts/new]


Processing ApplicationController#index (for 127.0.0.1 at 2009-09-23 01:03:20) [GET]

ActionController::RoutingError (No route matches "/comment" with {:method=>:get}):
  C:/Ruby/lib/ruby/1.8/webrick/httpserver.rb:104:in `service'
  C:/Ruby/lib/ruby/1.8/webrick/httpserver.rb:65:in `run'
  C:/Ruby/lib/ruby/1.8/webrick/server.rb:173:in `start_thread'
  C:/Ruby/lib/ruby/1.8/webrick/server.rb:162:in `start'
  C:/Ruby/lib/ruby/1.8/webrick/server.rb:162:in `start_thread'
  C:/Ruby/lib/ruby/1.8/webrick/server.rb:95:in `start'
  C:/Ruby/lib/ruby/1.8/webrick/server.rb:92:in `each'
  C:/Ruby/lib/ruby/1.8/webrick/server.rb:92:in `start'
  C:/Ruby/lib/ruby/1.8/webrick/server.rb:23:in `start'
  C:/Ruby/lib/ruby/1.8/webrick/server.rb:82:in `start'
  /script\server:3
  C:/Ruby/lib/ruby/gems/1.8/gems/ruby-debug-ide-0.3.1/lib/ruby-debug.rb:96:in `debug_load'
  C:/Ruby/lib/ruby/gems/1.8/gems/ruby-debug-ide-0.3.1/lib/ruby-debug.rb:96:in `main'
  C:/Ruby/lib/ruby/gems/1.8/gems/ruby-debug-ide-0.3.1/bin/rdebug-ide:76
  C:/Ruby/bin/rdebug-ide:19:in `load'
  C:/Ruby/bin/rdebug-ide:19

Rendering rescues/layout (not_found)


Processing ApplicationController#index (for 127.0.0.1 at 2009-09-23 01:03:24) [GET]

ActionController::RoutingError (No route matches "/comments" with {:method=>:get}):
  C:/Ruby/lib/ruby/1.8/webrick/httpserver.rb:104:in `service'
  C:/Ruby/lib/ruby/1.8/webrick/httpserver.rb:65:in `run'
  C:/Ruby/lib/ruby/1.8/webrick/server.rb:173:in `start_thread'
  C:/Ruby/lib/ruby/1.8/webrick/server.rb:162:in `start'
  C:/Ruby/lib/ruby/1.8/webrick/server.rb:162:in `start_thread'
  C:/Ruby/lib/ruby/1.8/webrick/server.rb:95:in `start'
  C:/Ruby/lib/ruby/1.8/webrick/server.rb:92:in `each'
  C:/Ruby/lib/ruby/1.8/webrick/server.rb:92:in `start'
  C:/Ruby/lib/ruby/1.8/webrick/server.rb:23:in `start'
  C:/Ruby/lib/ruby/1.8/webrick/server.rb:82:in `start'
  /script\server:3
  C:/Ruby/lib/ruby/gems/1.8/gems/ruby-debug-ide-0.3.1/lib/ruby-debug.rb:96:in `debug_load'
  C:/Ruby/lib/ruby/gems/1.8/gems/ruby-debug-ide-0.3.1/lib/ruby-debug.rb:96:in `main'
  C:/Ruby/lib/ruby/gems/1.8/gems/ruby-debug-ide-0.3.1/bin/rdebug-ide:76
  C:/Ruby/bin/rdebug-ide:19:in `load'
  C:/Ruby/bin/rdebug-ide:19

Rendering rescues/layout (not_found)


Processing PostsController#index (for 127.0.0.1 at 2009-09-23 01:03:57) [GET]
  [4;36;1mPost Load (0.0ms)[0m   [0;1mSELECT * FROM "posts" [0m
Rendering template within layouts/posts
Rendering posts/index
Completed in 93ms (View: 46, DB: 0) | 200 OK [http://localhost/posts/]


Processing PostsController#show (for 127.0.0.1 at 2009-09-23 01:04:02) [GET]
  Parameters: {"id"=>"4"}

NoMethodError (undefined method `find_post' for #<PostsController:0x5492fa0>):
  C:/Ruby/lib/ruby/1.8/webrick/httpserver.rb:104:in `service'
  C:/Ruby/lib/ruby/1.8/webrick/httpserver.rb:65:in `run'
  C:/Ruby/lib/ruby/1.8/webrick/server.rb:173:in `start_thread'
  C:/Ruby/lib/ruby/1.8/webrick/server.rb:162:in `start'
  C:/Ruby/lib/ruby/1.8/webrick/server.rb:162:in `start_thread'
  C:/Ruby/lib/ruby/1.8/webrick/server.rb:95:in `start'
  C:/Ruby/lib/ruby/1.8/webrick/server.rb:92:in `each'
  C:/Ruby/lib/ruby/1.8/webrick/server.rb:92:in `start'
  C:/Ruby/lib/ruby/1.8/webrick/server.rb:23:in `start'
  C:/Ruby/lib/ruby/1.8/webrick/server.rb:82:in `start'
  /script\server:3
  C:/Ruby/lib/ruby/gems/1.8/gems/ruby-debug-ide-0.3.1/lib/ruby-debug.rb:96:in `debug_load'
  C:/Ruby/lib/ruby/gems/1.8/gems/ruby-debug-ide-0.3.1/lib/ruby-debug.rb:96:in `main'
  C:/Ruby/lib/ruby/gems/1.8/gems/ruby-debug-ide-0.3.1/bin/rdebug-ide:76
  C:/Ruby/bin/rdebug-ide:19:in `load'
  C:/Ruby/bin/rdebug-ide:19

Rendered rescues/_trace (110.0ms)
Rendered rescues/_request_and_response (0.0ms)
Rendering rescues/layout (internal_server_error)


Processing PostsController#show (for 127.0.0.1 at 2009-09-23 01:04:54) [GET]
  Parameters: {"id"=>"4"}

NoMethodError (undefined method `find_post' for #<PostsController:0x53bdd14>):
  C:/Ruby/lib/ruby/1.8/webrick/httpserver.rb:104:in `service'
  C:/Ruby/lib/ruby/1.8/webrick/httpserver.rb:65:in `run'
  C:/Ruby/lib/ruby/1.8/webrick/server.rb:173:in `start_thread'
  C:/Ruby/lib/ruby/1.8/webrick/server.rb:162:in `start'
  C:/Ruby/lib/ruby/1.8/webrick/server.rb:162:in `start_thread'
  C:/Ruby/lib/ruby/1.8/webrick/server.rb:95:in `start'
  C:/Ruby/lib/ruby/1.8/webrick/server.rb:92:in `each'
  C:/Ruby/lib/ruby/1.8/webrick/server.rb:92:in `start'
  C:/Ruby/lib/ruby/1.8/webrick/server.rb:23:in `start'
  C:/Ruby/lib/ruby/1.8/webrick/server.rb:82:in `start'
  /script\server:3
  C:/Ruby/lib/ruby/gems/1.8/gems/ruby-debug-ide-0.3.1/lib/ruby-debug.rb:96:in `debug_load'
  C:/Ruby/lib/ruby/gems/1.8/gems/ruby-debug-ide-0.3.1/lib/ruby-debug.rb:96:in `main'
  C:/Ruby/lib/ruby/gems/1.8/gems/ruby-debug-ide-0.3.1/bin/rdebug-ide:76
  C:/Ruby/bin/rdebug-ide:19:in `load'
  C:/Ruby/bin/rdebug-ide:19

Rendered rescues/_trace (109.0ms)
Rendered rescues/_request_and_response (0.0ms)
Rendering rescues/layout (internal_server_error)


Processing PostsController#index (for 127.0.0.1 at 2009-09-23 01:05:21) [GET]
  [4;35;1mPost Load (0.0ms)[0m   [0mSELECT * FROM "posts" [0m
Rendering template within layouts/posts
Rendering posts/index
Completed in 63ms (View: 47, DB: 0) | 200 OK [http://localhost/posts/]


Processing PostsController#edit (for 127.0.0.1 at 2009-09-23 01:05:24) [GET]
  Parameters: {"id"=>"4"}

NoMethodError (undefined method `find_post' for #<PostsController:0x5612420>):
  C:/Ruby/lib/ruby/1.8/webrick/httpserver.rb:104:in `service'
  C:/Ruby/lib/ruby/1.8/webrick/httpserver.rb:65:in `run'
  C:/Ruby/lib/ruby/1.8/webrick/server.rb:173:in `start_thread'
  C:/Ruby/lib/ruby/1.8/webrick/server.rb:162:in `start'
  C:/Ruby/lib/ruby/1.8/webrick/server.rb:162:in `start_thread'
  C:/Ruby/lib/ruby/1.8/webrick/server.rb:95:in `start'
  C:/Ruby/lib/ruby/1.8/webrick/server.rb:92:in `each'
  C:/Ruby/lib/ruby/1.8/webrick/server.rb:92:in `start'
  C:/Ruby/lib/ruby/1.8/webrick/server.rb:23:in `start'
  C:/Ruby/lib/ruby/1.8/webrick/server.rb:82:in `start'
  /script\server:3
  C:/Ruby/lib/ruby/gems/1.8/gems/ruby-debug-ide-0.3.1/lib/ruby-debug.rb:96:in `debug_load'
  C:/Ruby/lib/ruby/gems/1.8/gems/ruby-debug-ide-0.3.1/lib/ruby-debug.rb:96:in `main'
  C:/Ruby/lib/ruby/gems/1.8/gems/ruby-debug-ide-0.3.1/bin/rdebug-ide:76
  C:/Ruby/bin/rdebug-ide:19:in `load'
  C:/Ruby/bin/rdebug-ide:19

Rendered rescues/_trace (125.0ms)
Rendered rescues/_request_and_response (0.0ms)
Rendering rescues/layout (internal_server_error)


Processing PostsController#new (for 127.0.0.1 at 2009-09-23 01:05:35) [GET]
Rendering template within layouts/posts
Rendering posts/new
Completed in 109ms (View: 46, DB: 0) | 200 OK [http://localhost/posts/new]


Processing PostsController#create (for 127.0.0.1 at 2009-09-23 01:06:11) [POST]
  Parameters: {"commit"=>"Create", "authenticity_token"=>"5K8JDXWxEmuYtikXAdRPcODf/nSM5yKtGRqnrjCCjXk=", "post"=>{"name"=>"Lavanya", "title"=>"Machineni", "content"=>"I was in Warangal before getting married to Anil"}}
  [4;36;1mPost Create (15.0ms)[0m   [0;1mINSERT INTO "posts" ("name", "updated_at", "title", "content", "created_at") VALUES('Lavanya', '2009-09-23 05:06:12', 'Machineni', 'I was in Warangal before getting married to Anil', '2009-09-23 05:06:12')[0m
Redirected to http://localhost:3000/posts/5
Completed in 375ms (DB: 15) | 302 Found [http://localhost/posts]


Processing PostsController#show (for 127.0.0.1 at 2009-09-23 01:06:12) [GET]
  Parameters: {"id"=>"5"}

NoMethodError (undefined method `find_post' for #<PostsController:0x5436534>):
  C:/Ruby/lib/ruby/1.8/webrick/httpserver.rb:104:in `service'
  C:/Ruby/lib/ruby/1.8/webrick/httpserver.rb:65:in `run'
  C:/Ruby/lib/ruby/1.8/webrick/server.rb:173:in `start_thread'
  C:/Ruby/lib/ruby/1.8/webrick/server.rb:162:in `start'
  C:/Ruby/lib/ruby/1.8/webrick/server.rb:162:in `start_thread'
  C:/Ruby/lib/ruby/1.8/webrick/server.rb:95:in `start'
  C:/Ruby/lib/ruby/1.8/webrick/server.rb:92:in `each'
  C:/Ruby/lib/ruby/1.8/webrick/server.rb:92:in `start'
  C:/Ruby/lib/ruby/1.8/webrick/server.rb:23:in `start'
  C:/Ruby/lib/ruby/1.8/webrick/server.rb:82:in `start'
  /script\server:3
  C:/Ruby/lib/ruby/gems/1.8/gems/ruby-debug-ide-0.3.1/lib/ruby-debug.rb:96:in `debug_load'
  C:/Ruby/lib/ruby/gems/1.8/gems/ruby-debug-ide-0.3.1/lib/ruby-debug.rb:96:in `main'
  C:/Ruby/lib/ruby/gems/1.8/gems/ruby-debug-ide-0.3.1/bin/rdebug-ide:76
  C:/Ruby/bin/rdebug-ide:19:in `load'
  C:/Ruby/bin/rdebug-ide:19

Rendered rescues/_trace (265.0ms)
Rendered rescues/_request_and_response (0.0ms)
Rendering rescues/layout (internal_server_error)


Processing PostsController#create (for 127.0.0.1 at 2009-09-23 01:06:37) [POST]
  Parameters: {"commit"=>"Create", "authenticity_token"=>"5K8JDXWxEmuYtikXAdRPcODf/nSM5yKtGRqnrjCCjXk=", "post"=>{"name"=>"Lavanya", "title"=>"Machineni", "content"=>"I was in Warangal before getting married to Anil"}}
  [4;35;1mPost Create (0.0ms)[0m   [0mINSERT INTO "posts" ("name", "updated_at", "title", "content", "created_at") VALUES('Lavanya', '2009-09-23 05:06:37', 'Machineni', 'I was in Warangal before getting married to Anil', '2009-09-23 05:06:37')[0m
Redirected to http://localhost:3000/posts/6
Completed in 250ms (DB: 0) | 302 Found [http://localhost/posts]


Processing PostsController#show (for 127.0.0.1 at 2009-09-23 01:06:38) [GET]
  Parameters: {"id"=>"6"}

NoMethodError (undefined method `find_post' for #<PostsController:0x56d2f04>):
  C:/Ruby/lib/ruby/1.8/webrick/httpserver.rb:104:in `service'
  C:/Ruby/lib/ruby/1.8/webrick/httpserver.rb:65:in `run'
  C:/Ruby/lib/ruby/1.8/webrick/server.rb:173:in `start_thread'
  C:/Ruby/lib/ruby/1.8/webrick/server.rb:162:in `start'
  C:/Ruby/lib/ruby/1.8/webrick/server.rb:162:in `start_thread'
  C:/Ruby/lib/ruby/1.8/webrick/server.rb:95:in `start'
  C:/Ruby/lib/ruby/1.8/webrick/server.rb:92:in `each'
  C:/Ruby/lib/ruby/1.8/webrick/server.rb:92:in `start'
  C:/Ruby/lib/ruby/1.8/webrick/server.rb:23:in `start'
  C:/Ruby/lib/ruby/1.8/webrick/server.rb:82:in `start'
  /script\server:3
  C:/Ruby/lib/ruby/gems/1.8/gems/ruby-debug-ide-0.3.1/lib/ruby-debug.rb:96:in `debug_load'
  C:/Ruby/lib/ruby/gems/1.8/gems/ruby-debug-ide-0.3.1/lib/ruby-debug.rb:96:in `main'
  C:/Ruby/lib/ruby/gems/1.8/gems/ruby-debug-ide-0.3.1/bin/rdebug-ide:76
  C:/Ruby/bin/rdebug-ide:19:in `load'
  C:/Ruby/bin/rdebug-ide:19

Rendered rescues/_trace (109.0ms)
Rendered rescues/_request_and_response (0.0ms)
Rendering rescues/layout (internal_server_error)


Processing PostsController#create (for 127.0.0.1 at 2009-09-23 01:07:26) [POST]
  Parameters: {"commit"=>"Create", "authenticity_token"=>"5K8JDXWxEmuYtikXAdRPcODf/nSM5yKtGRqnrjCCjXk=", "post"=>{"name"=>"Lavanya", "title"=>"Machineni", "content"=>"I was in Warangal before getting married to Anil"}}
  [4;36;1mPost Create (0.0ms)[0m   [0;1mINSERT INTO "posts" ("name", "updated_at", "title", "content", "created_at") VALUES('Lavanya', '2009-09-23 05:07:26', 'Machineni', 'I was in Warangal before getting married to Anil', '2009-09-23 05:07:26')[0m
Redirected to http://localhost:3000/posts/7
Completed in 234ms (DB: 0) | 302 Found [http://localhost/posts]


Processing PostsController#show (for 127.0.0.1 at 2009-09-23 01:07:27) [GET]
  Parameters: {"id"=>"7"}
  [4;35;1mPost Load (0.0ms)[0m   [0mSELECT * FROM "posts" WHERE ("posts"."id" = 7) [0m
Rendering template within layouts/posts
Rendering posts/show
Completed in 31ms (View: 16, DB: 0) | 200 OK [http://localhost/posts/7]


Processing PostsController#index (for 127.0.0.1 at 2009-09-23 01:10:13) [GET]
  [4;36;1mPost Load (0.0ms)[0m   [0;1mSELECT * FROM "posts" [0m
Rendering template within layouts/posts
Rendering posts/index
Completed in 328ms (View: 281, DB: 0) | 200 OK [http://localhost/posts]


Processing PostsController#destroy (for 127.0.0.1 at 2009-09-23 01:10:32) [DELETE]
  Parameters: {"authenticity_token"=>"5K8JDXWxEmuYtikXAdRPcODf/nSM5yKtGRqnrjCCjXk=", "id"=>"5"}
  [4;35;1mPost Load (0.0ms)[0m   [0mSELECT * FROM "posts" WHERE ("posts"."id" = 5) [0m
  [4;36;1mPost Destroy (16.0ms)[0m   [0;1mDELETE FROM "posts" WHERE "id" = 5[0m
Redirected to http://localhost:3000/posts
Completed in 203ms (DB: 16) | 302 Found [http://localhost/posts/5]


Processing PostsController#index (for 127.0.0.1 at 2009-09-23 01:10:32) [GET]
  [4;35;1mPost Load (0.0ms)[0m   [0mSELECT * FROM "posts" [0m
Rendering template within layouts/posts
Rendering posts/index
Completed in 78ms (View: 62, DB: 0) | 200 OK [http://localhost/posts]


Processing PostsController#destroy (for 127.0.0.1 at 2009-09-23 01:10:37) [DELETE]
  Parameters: {"authenticity_token"=>"5K8JDXWxEmuYtikXAdRPcODf/nSM5yKtGRqnrjCCjXk=", "id"=>"6"}
  [4;36;1mPost Load (0.0ms)[0m   [0;1mSELECT * FROM "posts" WHERE ("posts"."id" = 6) [0m
  [4;35;1mPost Destroy (0.0ms)[0m   [0mDELETE FROM "posts" WHERE "id" = 6[0m
Redirected to http://localhost:3000/posts
Completed in 266ms (DB: 0) | 302 Found [http://localhost/posts/6]


Processing PostsController#index (for 127.0.0.1 at 2009-09-23 01:10:38) [GET]
  [4;36;1mPost Load (0.0ms)[0m   [0;1mSELECT * FROM "posts" [0m
Rendering template within layouts/posts
Rendering posts/index
Completed in 78ms (View: 62, DB: 0) | 200 OK [http://localhost/posts]


Processing PostsController#new (for 127.0.0.1 at 2009-09-23 01:10:41) [GET]
Rendering template within layouts/posts
Rendering posts/new
Completed in 31ms (View: 16, DB: 0) | 200 OK [http://localhost/posts/new]


Processing PostsController#show (for 127.0.0.1 at 2009-09-23 01:10:50) [GET]
  Parameters: {"id"=>"7"}
  [4;35;1mPost Load (0.0ms)[0m   [0mSELECT * FROM "posts" WHERE ("posts"."id" = 7) [0m
Rendering template within layouts/posts
Rendering posts/show
  [4;36;1mSQL (0.0ms)[0m   [0;1m SELECT name
 FROM sqlite_master
 WHERE type = 'table' AND NOT name = 'sqlite_sequence'
[0m
  [4;35;1mSQL (0.0ms)[0m   [0m SELECT name
 FROM sqlite_master
 WHERE type = 'table' AND NOT name = 'sqlite_sequence'
[0m
  [4;36;1mSQL (0.0ms)[0m   [0;1m SELECT name
 FROM sqlite_master
 WHERE type = 'table' AND NOT name = 'sqlite_sequence'
[0m
  [4;35;1mSQL (0.0ms)[0m   [0m SELECT name
 FROM sqlite_master
 WHERE type = 'table' AND NOT name = 'sqlite_sequence'
[0m
  [4;36;1mSQL (0.0ms)[0m   [0;1m SELECT name
 FROM sqlite_master
 WHERE type = 'table' AND NOT name = 'sqlite_sequence'
[0m
  [4;35;1mSQL (0.0ms)[0m   [0m SELECT name
 FROM sqlite_master
 WHERE type = 'table' AND NOT name = 'sqlite_sequence'
[0m
  [4;36;1mSQL (0.0ms)[0m   [0;1m SELECT name
 FROM sqlite_master
 WHERE type = 'table' AND NOT name = 'sqlite_sequence'
[0m
  [4;35;1mSQL (0.0ms)[0m   [0m SELECT name
 FROM sqlite_master
 WHERE type = 'table' AND NOT name = 'sqlite_sequence'
[0m
  [4;36;1mSQL (0.0ms)[0m   [0;1m SELECT name
 FROM sqlite_master
 WHERE type = 'table' AND NOT name = 'sqlite_sequence'
[0m
  [4;35;1mComment Load (0.0ms)[0m   [0mSELECT * FROM "comments" WHERE ("comments".post_id = 7) [0m
Completed in 23906ms (View: 23890, DB: 0) | 200 OK [http://localhost/posts/7]


Processing PostsController#7 (for 127.0.0.1 at 2009-09-23 01:11:52) [GET]
  Parameters: {"id"=>"comments"}

ActionController::UnknownAction (No action responded to 7. Actions: create, destroy, edit, index, new, show, and update):
  C:/Ruby/lib/ruby/1.8/webrick/httpserver.rb:104:in `service'
  C:/Ruby/lib/ruby/1.8/webrick/httpserver.rb:65:in `run'
  C:/Ruby/lib/ruby/1.8/webrick/server.rb:173:in `start_thread'
  C:/Ruby/lib/ruby/1.8/webrick/server.rb:162:in `start'
  C:/Ruby/lib/ruby/1.8/webrick/server.rb:162:in `start_thread'
  C:/Ruby/lib/ruby/1.8/webrick/server.rb:95:in `start'
  C:/Ruby/lib/ruby/1.8/webrick/server.rb:92:in `each'
  C:/Ruby/lib/ruby/1.8/webrick/server.rb:92:in `start'
  C:/Ruby/lib/ruby/1.8/webrick/server.rb:23:in `start'
  C:/Ruby/lib/ruby/1.8/webrick/server.rb:82:in `start'
  /script\server:3
  C:/Ruby/lib/ruby/gems/1.8/gems/ruby-debug-ide-0.3.1/lib/ruby-debug.rb:96:in `debug_load'
  C:/Ruby/lib/ruby/gems/1.8/gems/ruby-debug-ide-0.3.1/lib/ruby-debug.rb:96:in `main'
  C:/Ruby/lib/ruby/gems/1.8/gems/ruby-debug-ide-0.3.1/bin/rdebug-ide:76
  C:/Ruby/bin/rdebug-ide:19:in `load'
  C:/Ruby/bin/rdebug-ide:19

Rendering rescues/layout (not_found)


Processing PostsController#index (for 127.0.0.1 at 2009-09-23 01:12:02) [GET]
  [4;36;1mPost Load (0.0ms)[0m   [0;1mSELECT * FROM "posts" [0m
Rendering template within layouts/posts
Rendering posts/index
Completed in 94ms (View: 62, DB: 0) | 200 OK [http://localhost/posts]


Processing PostsController#index (for 127.0.0.1 at 2009-09-23 01:13:06) [GET]
  [4;35;1mPost Load (0.0ms)[0m   [0mSELECT * FROM "posts" [0m
Rendering template within layouts/posts
Rendering posts/index
Completed in 94ms (View: 63, DB: 0) | 200 OK [http://localhost/posts]


Processing PostsController#show (for 127.0.0.1 at 2009-09-23 01:13:14) [GET]
  Parameters: {"id"=>"4"}
  [4;36;1mPost Load (0.0ms)[0m   [0;1mSELECT * FROM "posts" WHERE ("posts"."id" = 4) [0m
Rendering template within layouts/posts
Rendering posts/show
  [4;35;1mComment Load (0.0ms)[0m   [0mSELECT * FROM "comments" WHERE ("comments".post_id = 4) [0m
Completed in 47ms (View: 31, DB: 0) | 200 OK [http://localhost/posts/4]


Processing PostsController#edit (for 127.0.0.1 at 2009-09-23 01:13:23) [GET]
  Parameters: {"id"=>"4"}
  [4;36;1mPost Load (0.0ms)[0m   [0;1mSELECT * FROM "posts" WHERE ("posts"."id" = 4) [0m
Rendering template within layouts/posts
Rendering posts/edit
Completed in 47ms (View: 16, DB: 0) | 200 OK [http://localhost/posts/4/edit]


Processing PostsController#4 (for 127.0.0.1 at 2009-09-23 01:13:37) [GET]
  Parameters: {"id"=>"comments"}

ActionController::UnknownAction (No action responded to 4. Actions: create, destroy, edit, index, new, show, and update):
  C:/Ruby/lib/ruby/1.8/webrick/httpserver.rb:104:in `service'
  C:/Ruby/lib/ruby/1.8/webrick/httpserver.rb:65:in `run'
  C:/Ruby/lib/ruby/1.8/webrick/server.rb:173:in `start_thread'
  C:/Ruby/lib/ruby/1.8/webrick/server.rb:162:in `start'
  C:/Ruby/lib/ruby/1.8/webrick/server.rb:162:in `start_thread'
  C:/Ruby/lib/ruby/1.8/webrick/server.rb:95:in `start'
  C:/Ruby/lib/ruby/1.8/webrick/server.rb:92:in `each'
  C:/Ruby/lib/ruby/1.8/webrick/server.rb:92:in `start'
  C:/Ruby/lib/ruby/1.8/webrick/server.rb:23:in `start'
  C:/Ruby/lib/ruby/1.8/webrick/server.rb:82:in `start'
  /script\server:3
  C:/Ruby/lib/ruby/gems/1.8/gems/ruby-debug-ide-0.3.1/lib/ruby-debug.rb:96:in `debug_load'
  C:/Ruby/lib/ruby/gems/1.8/gems/ruby-debug-ide-0.3.1/lib/ruby-debug.rb:96:in `main'
  C:/Ruby/lib/ruby/gems/1.8/gems/ruby-debug-ide-0.3.1/bin/rdebug-ide:76
  C:/Ruby/bin/rdebug-ide:19:in `load'
  C:/Ruby/bin/rdebug-ide:19

Rendering rescues/layout (not_found)
  [4;36;1mSQL (15.0ms)[0m   [0;1m SELECT name
 FROM sqlite_master
 WHERE type = 'table' AND NOT name = 'sqlite_sequence'
[0m
  [4;35;1mSQL (0.0ms)[0m   [0mSELECT version FROM schema_migrations[0m
Migrating to CreatePosts (20090922233125)
Migrating to CreateComments (20090923034850)
Migrating to CreateTags (20090923051514)
  [4;36;1mSQL (0.0ms)[0m   [0;1mselect sqlite_version(*)[0m
  [4;35;1mSQL (47.0ms)[0m   [0mCREATE TABLE "tags" ("id" INTEGER PRIMARY KEY AUTOINCREMENT NOT NULL, "name" varchar(255), "post_id" integer, "created_at" datetime, "updated_at" datetime) [0m
  [4;36;1mSQL (0.0ms)[0m   [0;1mINSERT INTO schema_migrations (version) VALUES ('20090923051514')[0m
  [4;35;1mSQL (16.0ms)[0m   [0m SELECT name
 FROM sqlite_master
 WHERE type = 'table' AND NOT name = 'sqlite_sequence'
[0m
  [4;36;1mSQL (0.0ms)[0m   [0;1mSELECT version FROM schema_migrations[0m
  [4;35;1mSQL (0.0ms)[0m   [0m SELECT name
 FROM sqlite_master
 WHERE type = 'table' AND NOT name = 'sqlite_sequence'
[0m
  [4;36;1mSQL (0.0ms)[0m   [0;1mPRAGMA index_list("comments")[0m
  [4;35;1mSQL (0.0ms)[0m   [0mPRAGMA index_list("posts")[0m
  [4;36;1mSQL (0.0ms)[0m   [0;1mPRAGMA index_list("tags")[0m
  [4;36;1mProduct Load (0.0ms)[0m   [0;1mSQLite3::SQLException: no such table: products: SELECT * FROM "products" [0m
  [4;36;1mSQL (0.0ms)[0m   [0;1m SELECT name
 FROM sqlite_master
 WHERE type = 'table' AND NOT name = 'sqlite_sequence'
[0m
  [4;35;1mSQL (0.0ms)[0m   [0mSELECT version FROM schema_migrations[0m
Migrating to CreatePosts (20090922233125)
Migrating to CreateComments (20090923034850)
Migrating to CreateTags (20090923051514)
Migrating to CreateProducts (20090923064443)
  [4;36;1mSQL (0.0ms)[0m   [0;1mselect sqlite_version(*)[0m
  [4;35;1mSQL (0.0ms)[0m   [0mCREATE TABLE "products" ("id" INTEGER PRIMARY KEY AUTOINCREMENT NOT NULL, "name" varchar(255), "description" text, "created_at" datetime, "updated_at" datetime) [0m
  [4;36;1mSQL (0.0ms)[0m   [0;1mINSERT INTO schema_migrations (version) VALUES ('20090923064443')[0m
  [4;35;1mSQL (0.0ms)[0m   [0m SELECT name
 FROM sqlite_master
 WHERE type = 'table' AND NOT name = 'sqlite_sequence'
[0m
  [4;36;1mSQL (0.0ms)[0m   [0;1mSELECT version FROM schema_migrations[0m
  [4;35;1mSQL (0.0ms)[0m   [0m SELECT name
 FROM sqlite_master
 WHERE type = 'table' AND NOT name = 'sqlite_sequence'
[0m
  [4;36;1mSQL (0.0ms)[0m   [0;1mPRAGMA index_list("comments")[0m
  [4;35;1mSQL (0.0ms)[0m   [0mPRAGMA index_list("posts")[0m
  [4;36;1mSQL (0.0ms)[0m   [0;1mPRAGMA index_list("products")[0m
  [4;35;1mSQL (0.0ms)[0m   [0mPRAGMA index_list("tags")[0m
  [4;35;1mProduct Load (0.0ms)[0m   [0mSELECT * FROM "products" [0m
  [4;36;1mSQL (0.0ms)[0m   [0;1m SELECT name
 FROM sqlite_master
 WHERE type = 'table' AND NOT name = 'sqlite_sequence'
[0m
  [4;35;1mSQL (0.0ms)[0m   [0mSELECT version FROM schema_migrations[0m
Migrating to CreatePosts (20090922233125)
Migrating to CreateComments (20090923034850)
Migrating to CreateTags (20090923051514)
Migrating to CreateProducts (20090923064443)
Migrating to AddPartNumberToProducts (20090923065825)
  [4;36;1mSQL (0.0ms)[0m   [0;1mselect sqlite_version(*)[0m
  [4;35;1mSQL (0.0ms)[0m   [0mALTER TABLE "products" ADD "part_number" varchar(255)[0m
  [4;36;1mSQL (0.0ms)[0m   [0;1mINSERT INTO schema_migrations (version) VALUES ('20090923065825')[0m
  [4;35;1mSQL (0.0ms)[0m   [0m SELECT name
 FROM sqlite_master
 WHERE type = 'table' AND NOT name = 'sqlite_sequence'
[0m
  [4;36;1mSQL (0.0ms)[0m   [0;1mSELECT version FROM schema_migrations[0m
  [4;35;1mSQL (0.0ms)[0m   [0m SELECT name
 FROM sqlite_master
 WHERE type = 'table' AND NOT name = 'sqlite_sequence'
[0m
  [4;36;1mSQL (0.0ms)[0m   [0;1mPRAGMA index_list("comments")[0m
  [4;35;1mSQL (0.0ms)[0m   [0mPRAGMA index_list("posts")[0m
  [4;36;1mSQL (0.0ms)[0m   [0;1mPRAGMA index_list("products")[0m
  [4;35;1mSQL (0.0ms)[0m   [0mPRAGMA index_list("tags")[0m
  [4;36;1mSQL (0.0ms)[0m   [0;1m SELECT name
 FROM sqlite_master
 WHERE type = 'table' AND NOT name = 'sqlite_sequence'
[0m
  [4;35;1mSQL (0.0ms)[0m   [0mSELECT version FROM schema_migrations[0m
Migrating to CreatePosts (20090922233125)
Migrating to CreateComments (20090923034850)
Migrating to CreateTags (20090923051514)
Migrating to CreateProducts (20090923064443)
Migrating to AddPartNumberToProducts (20090923065825)
Migrating to RemovePartNumberFromProducts (20090923070725)
  [4;36;1mSQL (0.0ms)[0m   [0;1mselect sqlite_version(*)[0m
  [4;35;1mSQL (0.0ms)[0m   [0mCREATE TEMPORARY TABLE "altered_products" ("id" INTEGER PRIMARY KEY AUTOINCREMENT NOT NULL, "name" varchar(255), "description" text, "created_at" datetime, "updated_at" datetime, "part_number" varchar(255)) [0m
  [4;36;1mSQL (0.0ms)[0m   [0;1mPRAGMA index_list("products")[0m
  [4;35;1mSQL (0.0ms)[0m   [0mDROP TABLE "products"[0m
  [4;36;1mSQL (0.0ms)[0m   [0;1mCREATE TABLE "products" ("id" INTEGER PRIMARY KEY AUTOINCREMENT NOT NULL, "name" varchar(255), "description" text, "created_at" datetime, "updated_at" datetime) [0m
  [4;35;1mSQL (0.0ms)[0m   [0mPRAGMA index_list("altered_products")[0m
  [4;36;1mSQL (0.0ms)[0m   [0;1mDROP TABLE "altered_products"[0m
  [4;35;1mSQL (0.0ms)[0m   [0mINSERT INTO schema_migrations (version) VALUES ('20090923070725')[0m
  [4;36;1mSQL (0.0ms)[0m   [0;1m SELECT name
 FROM sqlite_master
 WHERE type = 'table' AND NOT name = 'sqlite_sequence'
[0m
  [4;35;1mSQL (0.0ms)[0m   [0mSELECT version FROM schema_migrations[0m
  [4;36;1mSQL (0.0ms)[0m   [0;1m SELECT name
 FROM sqlite_master
 WHERE type = 'table' AND NOT name = 'sqlite_sequence'
[0m
  [4;35;1mSQL (0.0ms)[0m   [0mPRAGMA index_list("comments")[0m
  [4;36;1mSQL (0.0ms)[0m   [0;1mPRAGMA index_list("posts")[0m
  [4;35;1mSQL (0.0ms)[0m   [0mPRAGMA index_list("products")[0m
  [4;36;1mSQL (0.0ms)[0m   [0;1mPRAGMA index_list("tags")[0m
  [4;36;1mSQL (0.0ms)[0m   [0;1m SELECT name
 FROM sqlite_master
 WHERE type = 'table' AND NOT name = 'sqlite_sequence'
[0m
  [4;35;1mSQL (0.0ms)[0m   [0mSELECT version FROM schema_migrations[0m
Migrating to CreatePosts (20090922233125)
Migrating to CreateComments (20090923034850)
Migrating to CreateTags (20090923051514)
Migrating to CreateProducts (20090923064443)
Migrating to AddPartNumberToProducts (20090923065825)
Migrating to RemovePartNumberFromProducts (20090923070725)
Migrating to AddDetailsToProducts (20090923070843)
  [4;36;1mSQL (0.0ms)[0m   [0;1mselect sqlite_version(*)[0m
  [4;35;1mSQL (0.0ms)[0m   [0mALTER TABLE "products" ADD "part_number" varchar(255)[0m
  [4;36;1mSQL (0.0ms)[0m   [0;1mALTER TABLE "products" ADD "price" decimal[0m
  [4;35;1mSQL (0.0ms)[0m   [0mINSERT INTO schema_migrations (version) VALUES ('20090923070843')[0m
  [4;36;1mSQL (0.0ms)[0m   [0;1m SELECT name
 FROM sqlite_master
 WHERE type = 'table' AND NOT name = 'sqlite_sequence'
[0m
  [4;35;1mSQL (0.0ms)[0m   [0mSELECT version FROM schema_migrations[0m
  [4;36;1mSQL (0.0ms)[0m   [0;1m SELECT name
 FROM sqlite_master
 WHERE type = 'table' AND NOT name = 'sqlite_sequence'
[0m
  [4;35;1mSQL (0.0ms)[0m   [0mPRAGMA index_list("comments")[0m
  [4;36;1mSQL (0.0ms)[0m   [0;1mPRAGMA index_list("posts")[0m
  [4;35;1mSQL (0.0ms)[0m   [0mPRAGMA index_list("products")[0m
  [4;36;1mSQL (0.0ms)[0m   [0;1mPRAGMA index_list("tags")[0m
  [4;36;1mProduct Load (0.0ms)[0m   [0;1mSELECT * FROM "products" [0m
  [4;35;1mProduct Create (0.0ms)[0m   [0mINSERT INTO "products" ("name", "updated_at", "price", "description", "created_at", "part_number") VALUES(NULL, '2009-09-23 07:21:52', NULL, NULL, '2009-09-23 07:21:52', '101')[0m
  [4;36;1mProduct Create (0.0ms)[0m   [0;1mINSERT INTO "products" ("name", "updated_at", "price", "description", "created_at", "part_number") VALUES('Ball', '2009-09-23 07:26:53', 12.23, NULL, '2009-09-23 07:26:53', '101')[0m


Processing HomeController#index (for 127.0.0.1 at 2009-09-23 19:09:48) [GET]
Rendering home/index
Completed in 547ms (View: 531, DB: 0) | 200 OK [http://localhost/]


Processing HomeController#index (for 127.0.0.1 at 2009-09-23 19:11:24) [GET]
Rendering home/index
Completed in 16ms (View: 0, DB: 0) | 200 OK [http://localhost/]


Processing PostsController#index (for 127.0.0.1 at 2009-09-23 19:11:34) [GET]
  [4;36;1mPost Load (15.0ms)[0m   [0;1mSELECT * FROM "posts" [0m
Rendering template within layouts/posts
Rendering posts/index
Completed in 797ms (View: 563, DB: 15) | 200 OK [http://localhost/posts]


Processing PostsController#new (for 127.0.0.1 at 2009-09-23 19:15:32) [GET]
Rendering template within layouts/posts
Rendering posts/new
Completed in 437ms (View: 297, DB: 0) | 200 OK [http://localhost/posts/new]


Processing PostsController#create (for 127.0.0.1 at 2009-09-23 19:15:47) [POST]
  Parameters: {"commit"=>"Create", "authenticity_token"=>"2jY01CXV55IiN56fBHhRsswYQW0BTv/vGCVqzb99nec=", "post"=>{"name"=>"Lallu", "title"=>"Rao", "content"=>"Machineni"}}
Rendering template within layouts/posts
Rendering posts/new
Completed in 15703ms (View: 62, DB: 0) | 200 OK [http://localhost/posts]


Processing PostsController#create (for 127.0.0.1 at 2009-09-23 19:16:23) [POST]
  Parameters: {"commit"=>"Create", "authenticity_token"=>"2jY01CXV55IiN56fBHhRsswYQW0BTv/vGCVqzb99nec=", "post"=>{"name"=>"Lallu", "title"=>"Rao Machineni", "content"=>"Machineni"}}
  [4;35;1mPost Create (31.0ms)[0m   [0mINSERT INTO "posts" ("name", "updated_at", "title", "content", "created_at") VALUES('Lallu', '2009-09-23 23:16:23', 'Rao Machineni', 'Machineni', '2009-09-23 23:16:23')[0m
Redirected to http://localhost:3000/posts/8
Completed in 219ms (DB: 31) | 302 Found [http://localhost/posts]


Processing PostsController#show (for 127.0.0.1 at 2009-09-23 19:16:23) [GET]
  Parameters: {"id"=>"8"}
  [4;36;1mPost Load (0.0ms)[0m   [0;1mSELECT * FROM "posts" WHERE ("posts"."id" = 8) [0m
Rendering template within layouts/posts
Rendering posts/show
  [4;35;1mComment Load (0.0ms)[0m   [0mSELECT * FROM "comments" WHERE ("comments".post_id = 8) [0m
Completed in 141ms (View: 94, DB: 0) | 200 OK [http://localhost/posts/8]


Processing PostsController#8 (for 127.0.0.1 at 2009-09-23 19:16:37) [GET]
  Parameters: {"id"=>"comments"}

ActionController::UnknownAction (No action responded to 8. Actions: create, destroy, edit, index, new, show, and update):
  C:/Ruby/lib/ruby/1.8/webrick/httpserver.rb:104:in `service'
  C:/Ruby/lib/ruby/1.8/webrick/httpserver.rb:65:in `run'
  C:/Ruby/lib/ruby/1.8/webrick/server.rb:173:in `start_thread'
  C:/Ruby/lib/ruby/1.8/webrick/server.rb:162:in `start'
  C:/Ruby/lib/ruby/1.8/webrick/server.rb:162:in `start_thread'
  C:/Ruby/lib/ruby/1.8/webrick/server.rb:95:in `start'
  C:/Ruby/lib/ruby/1.8/webrick/server.rb:92:in `each'
  C:/Ruby/lib/ruby/1.8/webrick/server.rb:92:in `start'
  C:/Ruby/lib/ruby/1.8/webrick/server.rb:23:in `start'
  C:/Ruby/lib/ruby/1.8/webrick/server.rb:82:in `start'
  /script\server:3
  C:/Ruby/lib/ruby/gems/1.8/gems/ruby-debug-ide-0.3.1/lib/ruby-debug.rb:96:in `debug_load'
  C:/Ruby/lib/ruby/gems/1.8/gems/ruby-debug-ide-0.3.1/lib/ruby-debug.rb:96:in `main'
  C:/Ruby/lib/ruby/gems/1.8/gems/ruby-debug-ide-0.3.1/bin/rdebug-ide:76
  C:/Ruby/bin/rdebug-ide:19:in `load'
  C:/Ruby/bin/rdebug-ide:19

Rendering rescues/layout (not_found)


Processing PostsController#index (for 127.0.0.1 at 2009-09-23 19:16:43) [GET]
  [4;36;1mPost Load (0.0ms)[0m   [0;1mSELECT * FROM "posts" [0m
Rendering template within layouts/posts
Rendering posts/index
Completed in 141ms (View: 110, DB: 0) | 200 OK [http://localhost/posts/]


Processing PostsController#edit (for 127.0.0.1 at 2009-09-23 19:16:47) [GET]
  Parameters: {"id"=>"8"}
  [4;35;1mPost Load (0.0ms)[0m   [0mSELECT * FROM "posts" WHERE ("posts"."id" = 8) [0m
Rendering template within layouts/posts
Rendering posts/edit
Completed in 109ms (View: 62, DB: 0) | 200 OK [http://localhost/posts/8/edit]


Processing PostsController#index (for 127.0.0.1 at 2009-09-23 19:16:50) [GET]
  [4;36;1mPost Load (15.0ms)[0m   [0;1mSELECT * FROM "posts" [0m
Rendering template within layouts/posts
Rendering posts/index
Completed in 109ms (View: 78, DB: 15) | 200 OK [http://localhost/posts]


Processing PostsController#destroy (for 127.0.0.1 at 2009-09-23 19:16:55) [DELETE]
  Parameters: {"authenticity_token"=>"2jY01CXV55IiN56fBHhRsswYQW0BTv/vGCVqzb99nec=", "id"=>"8"}
  [4;35;1mPost Load (0.0ms)[0m   [0mSELECT * FROM "posts" WHERE ("posts"."id" = 8) [0m
  [4;36;1mPost Destroy (15.0ms)[0m   [0;1mDELETE FROM "posts" WHERE "id" = 8[0m
Redirected to http://localhost:3000/posts
Completed in 312ms (DB: 15) | 302 Found [http://localhost/posts/8]


Processing PostsController#index (for 127.0.0.1 at 2009-09-23 19:16:55) [GET]
  [4;35;1mPost Load (0.0ms)[0m   [0mSELECT * FROM "posts" [0m
Rendering template within layouts/posts
Rendering posts/index
Completed in 265ms (View: 94, DB: 0) | 200 OK [http://localhost/posts]


Processing PostsController#new (for 127.0.0.1 at 2009-09-23 19:16:57) [GET]
Rendering template within layouts/posts
Rendering posts/new
Completed in 297ms (View: 78, DB: 0) | 200 OK [http://localhost/posts/new]


Processing PostsController#index (for 127.0.0.1 at 2009-09-23 19:17:01) [GET]
  [4;36;1mPost Load (0.0ms)[0m   [0;1mSELECT * FROM "posts" [0m
Rendering template within layouts/posts
Rendering posts/index
Completed in 94ms (View: 78, DB: 0) | 200 OK [http://localhost/posts]
  [4;36;1mSQL (0.0ms)[0m   [0;1m SELECT name
 FROM sqlite_master
 WHERE type = 'table' AND NOT name = 'sqlite_sequence'
[0m
  [4;35;1mSQL (0.0ms)[0m   [0mSELECT version FROM schema_migrations[0m
Migrating to CreatePosts (20090922233125)
Migrating to CreateComments (20090923034850)
Migrating to CreateTags (20090923051514)
Migrating to CreateProducts (20090923064443)
Migrating to AddPartNumberToProducts (20090923065825)
Migrating to RemovePartNumberFromProducts (20090923070725)
Migrating to AddDetailsToProducts (20090923070843)
  [4;36;1mSQL (0.0ms)[0m   [0;1mselect sqlite_version(*)[0m
  [4;35;1mSQL (0.0ms)[0m   [0m SELECT name
 FROM sqlite_master
 WHERE type = 'table' AND NOT name = 'sqlite_sequence'
[0m
  [4;36;1mSQL (0.0ms)[0m   [0;1mSELECT version FROM schema_migrations[0m
  [4;35;1mSQL (0.0ms)[0m   [0m SELECT name
 FROM sqlite_master
 WHERE type = 'table' AND NOT name = 'sqlite_sequence'
[0m
  [4;36;1mSQL (0.0ms)[0m   [0;1mPRAGMA index_list("comments")[0m
  [4;35;1mSQL (0.0ms)[0m   [0mPRAGMA index_list("posts")[0m
  [4;36;1mSQL (0.0ms)[0m   [0;1mPRAGMA index_list("products")[0m
  [4;35;1mSQL (0.0ms)[0m   [0mPRAGMA index_list("tags")[0m
  [4;36;1mProduct Load (0.0ms)[0m   [0;1mSELECT * FROM "products" [0m
  [4;35;1mProduct Create (0.0ms)[0m   [0mINSERT INTO "products" ("name", "updated_at", "price", "description", "created_at", "part_number") VALUES('Ball', '2009-09-23 23:45:13', NULL, NULL, '2009-09-23 23:45:13', NULL)[0m
  [4;36;1mProduct Create (16.0ms)[0m   [0;1mINSERT INTO "products" ("name", "updated_at", "price", "description", "created_at", "part_number") VALUES(NULL, '2009-09-23 23:45:48', NULL, NULL, '2009-09-23 23:45:48', NULL)[0m


Processing HomeController#index (for 127.0.0.1 at 2009-09-23 20:00:03) [GET]
Rendering home/index
Completed in 235ms (View: 219, DB: 0) | 200 OK [http://localhost/]


Processing PostsController#index (for 127.0.0.1 at 2009-09-23 20:00:06) [GET]
  [4;36;1mPost Load (16.0ms)[0m   [0;1mSELECT * FROM "posts" [0m
Rendering template within layouts/posts
Rendering posts/index
Completed in 250ms (View: 94, DB: 16) | 200 OK [http://localhost/posts]


Processing PostsController#new (for 127.0.0.1 at 2009-09-23 20:00:08) [GET]
Rendering template within layouts/posts
Rendering posts/new
Completed in 438ms (View: 375, DB: 0) | 200 OK [http://localhost/posts/new]


Processing PostsController#create (for 127.0.0.1 at 2009-09-23 20:00:36) [POST]
  Parameters: {"commit"=>"Create", "authenticity_token"=>"2jY01CXV55IiN56fBHhRsswYQW0BTv/vGCVqzb99nec=", "post"=>{"name"=>"Anil", "title"=>"lavanya123", "content"=>"None other than Lallu"}}
Rendering template within layouts/posts
Rendering posts/new
Completed in 265ms (View: 78, DB: 0) | 200 OK [http://localhost/posts]
  [4;36;1mPost Load (0.0ms)[0m   [0;1mSELECT * FROM "posts" [0m
  [4;36;1mSQL (0.0ms)[0m   [0;1m SELECT name
 FROM sqlite_master
 WHERE type = 'table' AND NOT name = 'sqlite_sequence'
[0m
  [4;35;1mSQL (0.0ms)[0m   [0mSELECT version FROM schema_migrations[0m
Migrating to CreatePosts (20090922233125)
Migrating to CreateComments (20090923034850)
Migrating to CreateTags (20090923051514)
Migrating to CreateProducts (20090923064443)
Migrating to AddPartNumberToProducts (20090923065825)
Migrating to RemovePartNumberFromProducts (20090923070725)
Migrating to AddDetailsToProducts (20090923070843)
Migrating to AddEmailToPosts (20090924000457)
  [4;36;1mSQL (0.0ms)[0m   [0;1mselect sqlite_version(*)[0m
  [4;35;1mSQL (0.0ms)[0m   [0mALTER TABLE "posts" ADD "email" varchar(255)[0m
  [4;36;1mSQL (0.0ms)[0m   [0;1mINSERT INTO schema_migrations (version) VALUES ('20090924000457')[0m
  [4;35;1mSQL (0.0ms)[0m   [0m SELECT name
 FROM sqlite_master
 WHERE type = 'table' AND NOT name = 'sqlite_sequence'
[0m
  [4;36;1mSQL (0.0ms)[0m   [0;1mSELECT version FROM schema_migrations[0m
  [4;35;1mSQL (0.0ms)[0m   [0m SELECT name
 FROM sqlite_master
 WHERE type = 'table' AND NOT name = 'sqlite_sequence'
[0m
  [4;36;1mSQL (0.0ms)[0m   [0;1mPRAGMA index_list("comments")[0m
  [4;35;1mSQL (0.0ms)[0m   [0mPRAGMA index_list("posts")[0m
  [4;36;1mSQL (0.0ms)[0m   [0;1mPRAGMA index_list("products")[0m
  [4;35;1mSQL (0.0ms)[0m   [0mPRAGMA index_list("tags")[0m
  [4;36;1mPost Load (0.0ms)[0m   [0;1mSELECT * FROM "posts" [0m


Processing PostsController#index (for 127.0.0.1 at 2009-09-23 20:13:04) [GET]
  [4;35;1mPost Load (0.0ms)[0m   [0mSELECT * FROM "posts" [0m
Rendering template within layouts/posts
Rendering posts/index
Completed in 172ms (View: 125, DB: 0) | 200 OK [http://localhost/posts]


Processing PostsController#index (for 127.0.0.1 at 2009-09-23 20:13:11) [GET]
  [4;36;1mPost Load (0.0ms)[0m   [0;1mSELECT * FROM "posts" [0m
Rendering template within layouts/posts
Rendering posts/index
Completed in 172ms (View: 109, DB: 0) | 200 OK [http://localhost/posts]


Processing PostsController#new (for 127.0.0.1 at 2009-09-23 20:13:14) [GET]
Rendering template within layouts/posts
Rendering posts/new
Completed in 219ms (View: 31, DB: 0) | 200 OK [http://localhost/posts/new]


Processing PostsController#create (for 127.0.0.1 at 2009-09-23 20:13:43) [POST]
  Parameters: {"commit"=>"Create", "authenticity_token"=>"2jY01CXV55IiN56fBHhRsswYQW0BTv/vGCVqzb99nec=", "post"=>{"name"=>"Anil", "title"=>"Peechara", "content"=>"None other than Peechara", "email"=>"anil kumar "}}
Rendering template within layouts/posts
Rendering posts/new
Completed in 78ms (View: 31, DB: 0) | 200 OK [http://localhost/posts]


Processing PostsController#create (for 127.0.0.1 at 2009-09-23 20:14:06) [POST]
  Parameters: {"commit"=>"Create", "authenticity_token"=>"2jY01CXV55IiN56fBHhRsswYQW0BTv/vGCVqzb99nec=", "post"=>{"name"=>"Anil", "title"=>"Peechara", "content"=>"None other than Peechara", "email"=>"anil.peechara@gmail.com"}}
Rendering template within layouts/posts
Rendering posts/new
Completed in 62ms (View: 31, DB: 0) | 200 OK [http://localhost/posts]


Processing PostsController#index (for 127.0.0.1 at 2009-09-23 20:17:08) [GET]
  [4;35;1mPost Load (0.0ms)[0m   [0mSELECT * FROM "posts" [0m
Rendering template within layouts/posts
Rendering posts/index
Completed in 94ms (View: 78, DB: 0) | 200 OK [http://localhost/posts]


Processing PostsController#new (for 127.0.0.1 at 2009-09-23 20:17:12) [GET]
Rendering template within layouts/posts
Rendering posts/new
Completed in 547ms (View: 375, DB: 0) | 200 OK [http://localhost/posts/new]


Processing PostsController#create (for 127.0.0.1 at 2009-09-23 20:17:48) [POST]
  Parameters: {"commit"=>"Create", "authenticity_token"=>"2jY01CXV55IiN56fBHhRsswYQW0BTv/vGCVqzb99nec=", "post"=>{"name"=>"Anil", "title"=>"Peechara", "content"=>"None other than Anil Peechara"}, "person"=>{"email_confirmation"=>"anil.peechara@yahoo.com", "email"=>"anil.peechara@gmail.com"}}
Rendering template within layouts/posts
Rendering posts/new
Completed in 453ms (View: 125, DB: 0) | 200 OK [http://localhost/posts]
  [4;36;1mSQL (0.0ms)[0m   [0;1m SELECT name
 FROM sqlite_master
 WHERE type = 'table' AND NOT name = 'sqlite_sequence'
[0m
  [4;35;1mSQL (0.0ms)[0m   [0mSELECT version FROM schema_migrations[0m
Migrating to CreatePosts (20090922233125)
Migrating to CreateComments (20090923034850)
Migrating to CreateTags (20090923051514)
Migrating to CreateProducts (20090923064443)
Migrating to AddPartNumberToProducts (20090923065825)
Migrating to RemovePartNumberFromProducts (20090923070725)
Migrating to AddDetailsToProducts (20090923070843)
Migrating to AddEmailToPosts (20090924000457)
Migrating to AddEmailConfirmationToPots (20090924001947)
  [4;36;1mSQL (16.0ms)[0m   [0;1mselect sqlite_version(*)[0m
  [4;35;1mSQL (0.0ms)[0m   [0mSQLite3::SQLException: no such table: pots: ALTER TABLE "pots" ADD "email_confirmation" varchar(255)[0m


Processing HomeController#index (for 127.0.0.1 at 2009-09-24 20:46:14) [GET]
Rendering home/index
Completed in 422ms (View: 422, DB: 0) | 200 OK [http://localhost/]


Processing PostsController#index (for 127.0.0.1 at 2009-09-24 20:46:17) [GET]
  [4;36;1mSQL (32.0ms)[0m   [0;1m SELECT name
 FROM sqlite_master
 WHERE type = 'table' AND NOT name = 'sqlite_sequence'
[0m
  [4;35;1mSQL (15.0ms)[0m   [0m SELECT name
 FROM sqlite_master
 WHERE type = 'table' AND NOT name = 'sqlite_sequence'
[0m
  [4;36;1mSQL (0.0ms)[0m   [0;1m SELECT name
 FROM sqlite_master
 WHERE type = 'table' AND NOT name = 'sqlite_sequence'
[0m
  [4;35;1mPost Load (15.0ms)[0m   [0mSELECT * FROM "posts" [0m
Rendering template within layouts/posts
Rendering posts/index
Completed in 75625ms (View: 781, DB: 15) | 200 OK [http://localhost/posts]


Processing HomeController#index (for 127.0.0.1 at 2009-09-24 21:34:07) [GET]
Rendering home/index
Completed in 16ms (View: 0, DB: 0) | 200 OK [http://localhost/]


Processing PostsController#new (for 127.0.0.1 at 2009-09-24 21:34:44) [GET]
  [4;36;1mSQL (0.0ms)[0m   [0;1m SELECT name
 FROM sqlite_master
 WHERE type = 'table' AND NOT name = 'sqlite_sequence'
[0m
  [4;35;1mSQL (0.0ms)[0m   [0m SELECT name
 FROM sqlite_master
 WHERE type = 'table' AND NOT name = 'sqlite_sequence'
[0m
Rendering template within layouts/posts
Rendering posts/new
Completed in 170156ms (View: 31, DB: 0) | 200 OK [http://localhost/posts/new]
